C51 COMPILER V9.01   CRC_16                                                                12/25/2017 14:31:40 PAGE 1   


C51 COMPILER V9.01, COMPILATION OF MODULE CRC_16
OBJECT MODULE PLACED IN CRC_16.OBJ
COMPILER INVOKED BY: D:\μvision4\C51\BIN\C51.EXE CRC_16.c BROWSE DEBUG OBJECTEXTEND

line level    source

   1          //#include <iostream>
   2          //#include <set>
   3          //#include <fstream>
   4          //#include <string>
   5          //#include <iostream>
   6          //#include <sstream>
   7          #include <reg52.h>
   8          #include "dht11.h"
   9          //using namespace std;
  10          
  11          //函数功能：计算CRC16
  12          //参数1：*pData  16位CRC校验数据，
  13          //参数2：nLength 数据流长度
  14          //参数3：init    初始化值
  15          //参数4：ptable  16位CRC查找表
  16          
  17          //逆序CRC计算
  18          unsigned short GetRevCrc_16(unsigned char * pData, int nLength,
  19          unsigned short init, const
  20          unsigned short *ptable)
  21          {
  22   1        unsigned short cRc_16 = init;
  23   1        unsigned char temp;
  24   1      
  25   1        while(nLength-- > 0)
  26   1        {
  27   2          temp = cRc_16 & 0xFF;
  28   2          cRc_16 = (cRc_16 >> 8) ^ ptable[(temp ^ *pData++) & 0xFF];
  29   2        }
  30   1      
  31   1        return cRc_16;
  32   1      }
  33          
  34          //正序CRC计算
  35          unsigned short GetCrc_16(unsigned char * pData, int nLength,
  36          unsigned short init, const
  37          unsigned short *ptable)
  38          {
  39   1        unsigned short cRc_16 = init;
  40   1        unsigned char temp;
  41   1      
  42   1        while(nLength-- > 0)
  43   1        {
  44   2          temp = cRc_16 >> 8;
  45   2          cRc_16 = (cRc_16 << 8) ^ ptable[(temp ^ *pData++) & 0xFF];
  46   2        }
  47   1      
  48   1        return cRc_16;
  49   1      }
  50          
  51          //Demo -- modbus-crc16测试
  52          unsigned short CRC_GetModbus16(unsigned char * pData, int len)
  53          {
  54   1      //MODBUS CRC-16表 8005 逆序
  55   1              code unsigned short g_McRctable_16[256] =
C51 COMPILER V9.01   CRC_16                                                                12/25/2017 14:31:40 PAGE 2   

  56   1              {
  57   1              0x0000, 0xC0C1, 0xC181, 0x0140, 0xC301, 0x03C0, 0x0280, 0xC241,
  58   1              0xC601, 0x06C0, 0x0780, 0xC741, 0x0500, 0xC5C1, 0xC481, 0x0440,
  59   1              0xCC01, 0x0CC0, 0x0D80, 0xCD41, 0x0F00, 0xCFC1, 0xCE81, 0x0E40,
  60   1              0x0A00, 0xCAC1, 0xCB81, 0x0B40, 0xC901, 0x09C0, 0x0880, 0xC841,
  61   1              0xD801, 0x18C0, 0x1980, 0xD941, 0x1B00, 0xDBC1, 0xDA81, 0x1A40,
  62   1              0x1E00, 0xDEC1, 0xDF81, 0x1F40, 0xDD01, 0x1DC0, 0x1C80, 0xDC41,
  63   1              0x1400, 0xD4C1, 0xD581, 0x1540, 0xD701, 0x17C0, 0x1680, 0xD641,
  64   1              0xD201, 0x12C0, 0x1380, 0xD341, 0x1100, 0xD1C1, 0xD081, 0x1040,
  65   1              0xF001, 0x30C0, 0x3180, 0xF141, 0x3300, 0xF3C1, 0xF281, 0x3240,
  66   1              0x3600, 0xF6C1, 0xF781, 0x3740, 0xF501, 0x35C0, 0x3480, 0xF441,
  67   1              0x3C00, 0xFCC1, 0xFD81, 0x3D40, 0xFF01, 0x3FC0, 0x3E80, 0xFE41,
  68   1              0xFA01, 0x3AC0, 0x3B80, 0xFB41, 0x3900, 0xF9C1, 0xF881, 0x3840,
  69   1              0x2800, 0xE8C1, 0xE981, 0x2940, 0xEB01, 0x2BC0, 0x2A80, 0xEA41,
  70   1              0xEE01, 0x2EC0, 0x2F80, 0xEF41, 0x2D00, 0xEDC1, 0xEC81, 0x2C40,
  71   1              0xE401, 0x24C0, 0x2580, 0xE541, 0x2700, 0xE7C1, 0xE681, 0x2640,
  72   1              0x2200, 0xE2C1, 0xE381, 0x2340, 0xE101, 0x21C0, 0x2080, 0xE041,
  73   1              0xA001, 0x60C0, 0x6180, 0xA141, 0x6300, 0xA3C1, 0xA281, 0x6240,
  74   1              0x6600, 0xA6C1, 0xA781, 0x6740, 0xA501, 0x65C0, 0x6480, 0xA441,
  75   1              0x6C00, 0xACC1, 0xAD81, 0x6D40, 0xAF01, 0x6FC0, 0x6E80, 0xAE41,
  76   1              0xAA01, 0x6AC0, 0x6B80, 0xAB41, 0x6900, 0xA9C1, 0xA881, 0x6840,
  77   1              0x7800, 0xB8C1, 0xB981, 0x7940, 0xBB01, 0x7BC0, 0x7A80, 0xBA41,
  78   1              0xBE01, 0x7EC0, 0x7F80, 0xBF41, 0x7D00, 0xBDC1, 0xBC81, 0x7C40,
  79   1              0xB401, 0x74C0, 0x7580, 0xB541, 0x7700, 0xB7C1, 0xB681, 0x7640,
  80   1              0x7200, 0xB2C1, 0xB381, 0x7340, 0xB101, 0x71C0, 0x7080, 0xB041,
  81   1              0x5000, 0x90C1, 0x9181, 0x5140, 0x9301, 0x53C0, 0x5280, 0x9241,
  82   1              0x9601, 0x56C0, 0x5780, 0x9741, 0x5500, 0x95C1, 0x9481, 0x5440,
  83   1              0x9C01, 0x5CC0, 0x5D80, 0x9D41, 0x5F00, 0x9FC1, 0x9E81, 0x5E40,
  84   1              0x5A00, 0x9AC1, 0x9B81, 0x5B40, 0x9901, 0x59C0, 0x5880, 0x9841,
  85   1              0x8801, 0x48C0, 0x4980, 0x8941, 0x4B00, 0x8BC1, 0x8A81, 0x4A40,
  86   1              0x4E00, 0x8EC1, 0x8F81, 0x4F40, 0x8D01, 0x4DC0, 0x4C80, 0x8C41,
  87   1              0x4400, 0x84C1, 0x8581, 0x4540, 0x8701, 0x47C0, 0x4680, 0x8641,
  88   1              0x8201, 0x42C0, 0x4380, 0x8341, 0x4100, 0x81C1, 0x8081, 0x4040
  89   1              };
  90   1      
  91   1        return GetRevCrc_16(pData, len, 0xFFFF, g_McRctable_16);
  92   1      }
  93          
  94          int DecToHex(int dec)   //十进制转同形式十六进制（如20->0x20）
  95          {
  96   1              int a=dec/10;
  97   1              int b=dec%10;
  98   1              return (a*16+b);
  99   1      }
 100          
 101          int HexToDec(unsigned char hex)  //十六进制转同形式十进制（如0x20->20）
 102          {
 103   1              int n1=hex>>4;
 104   1          int n2=hex&0x0F;
 105   1              return (n1*10+n2);
 106   1      }


MODULE INFORMATION:   STATIC OVERLAYABLE
   CODE SIZE        =    314    ----
   CONSTANT SIZE    =    512    ----
   XDATA SIZE       =   ----    ----
   PDATA SIZE       =   ----    ----
   DATA SIZE        =   ----      28
   IDATA SIZE       =   ----    ----
   BIT SIZE         =   ----    ----
END OF MODULE INFORMATION.

C51 COMPILER V9.01   CRC_16                                                                12/25/2017 14:31:40 PAGE 3   


C51 COMPILATION COMPLETE.  0 WARNING(S),  0 ERROR(S)
