C51 COMPILER V9.01   DHT11_4                                                               12/25/2017 14:31:40 PAGE 1   


C51 COMPILER V9.01, COMPILATION OF MODULE DHT11_4
OBJECT MODULE PLACED IN DHT11_4.OBJ
COMPILER INVOKED BY: D:\μvision4\C51\BIN\C51.EXE DHT11_4.c BROWSE DEBUG OBJECTEXTEND

line level    source

   1          
   2          //三、
   3          //保存的文件名是dht11.c
   4          /********************************************************************************************/
   5          /********************************************************************************************/
   6          /********************************************************************************************/
   7          //单片机时钟为11.0592M
   8          #include "dht11.h"
   9          #include <reg52.h>
  10          //请根据自己的dht11 接的IO 口来改动位定义
  11          sbit dht11 = P1^4;      //（需要自己连）
  12          //防止在与硬件通信时发生死循环的计数范围
  13          #define NUMBER 20 //之前为20
  14          #define SIZE 5
  15          static unsigned char status;
  16          //存放五字节数据的数组
  17          static unsigned char value_array[SIZE];
  18          /*可在其他的文件引用温湿度值,实际是温度的整数的10 倍
  19          如dht11 读回的温度是26,则temp_value = 260, 湿度同理*/
  20          int temp_value, humi_value;
  21          static unsigned char ReadValue(void);
  22          extern void Delay_1ms(unsigned int ms)
  23          {
  24   1              unsigned int x, y;
  25   1              for(x = ms; x > 0; x--)
  26   1              {
  27   2                      for(y = 124; y > 0; y--);
  28   2              }
  29   1      }
  30          
  31          
  32          static void Delay_10us(void)
  33          {
  34   1              unsigned char i;
  35   1              i--;
  36   1              i--;
  37   1              i--;
  38   1              i--;
  39   1              i--;
  40   1              i--;
  41   1      }
  42          /*读一个字节的数据*/
  43          static unsigned char ReadValue(void)
  44          {
  45   1              unsigned char count, value = 0, i;
  46   1              status = OK; //设定标志为正常状态
  47   1              for(i = 8; i > 0; i--)
  48   1              {
  49   2                      //高位在先
  50   2                      value <<= 1;
  51   2                      count = 0;
  52   2                      //每一位数据前会有一个50us 的低电平时间.等待50us 低电平结束
  53   2                      while(dht11 == 0 && count++ < NUMBER);
  54   2                      if(count >= NUMBER)
  55   2                      {
C51 COMPILER V9.01   DHT11_4                                                               12/25/2017 14:31:40 PAGE 2   

  56   3                              status = ERROR; //设定错误标志
  57   3                              return 0; //函数执行过程发生错误就退出函数
  58   3                      }
  59   2                      //26-28us 的高电平表示该位是0,为70us 高电平表该位1
  60   2                      Delay_10us();
  61   2                      Delay_10us();
  62   2                      Delay_10us();
  63   2                      //延时30us 后检测数据线是否还是高电平
  64   2                      if(dht11 != 0)
  65   2                      {
  66   3                              //进入这里表示该位是1
  67   3                              value++;
  68   3                              //等待剩余(约40us)的高电平结束
  69   3                              while(dht11 != 0 && count++ < NUMBER)
  70   3                              {
  71   4                                      dht11 = 1;
  72   4                              }
  73   3                              if(count >= NUMBER)
  74   3                              {
  75   4                                      status = ERROR; //设定错误标志
  76   4                                      return 0;
  77   4                              }
  78   3                      }
  79   2              }
  80   1              return (value);
  81   1      }
  82          //读一次的数据,共五字节
  83          extern unsigned char ReadTempAndHumi(void)
  84          {
  85   1              unsigned char i = 0, check_value = 0,count = 0;
  86   1              EA = 0;
  87   1              dht11 = 0; //拉低数据线大于18ms 发送开始信号
  88   1              Delay_1ms(20); //需大于18 毫秒
  89   1              dht11 = 1; //释放数据线,用于检测低电平的应答信号
  90   1              //延时20-40us,等待一段时间后检测应答信号,应答信号是从机拉低数据线80us
  91   1              Delay_10us();
  92   1              Delay_10us();
  93   1              Delay_10us();
  94   1              Delay_10us();
  95   1              if(dht11 != 0) //检测应答信号,应答信号是低电平
  96   1              {
  97   2                      //没应答信号
  98   2                      EA = 1;
  99   2                      return ERROR;
 100   2              }
 101   1              else
 102   1              {
 103   2                      //有应答信号
 104   2                      while(dht11 == 0 && count++ < NUMBER); //等待应答信号结束
 105   2                      if(count >= NUMBER) //检测计数器是否超过了设定的范围
 106   2                      {
 107   3                              dht11 = 1;
 108   3                              EA = 1;
 109   3                              return ERROR; //读数据出错,退出函数
 110   3                      }
 111   2                      count = 0;
 112   2                      dht11 = 1;//释放数据线
 113   2                      //应答信号后会有一个80us 的高电平，等待高电平结束
 114   2                      while(dht11 != 0 && count++ < NUMBER);
 115   2                      if(count >= NUMBER)
 116   2                      {
 117   3                              dht11 = 1;
C51 COMPILER V9.01   DHT11_4                                                               12/25/2017 14:31:40 PAGE 3   

 118   3                              EA = 1;
 119   3                              return ERROR; //退出函数
 120   3                      }
 121   2                      //读出湿.温度值
 122   2                      for(i = 0; i < SIZE; i++)
 123   2                      {
 124   3                              value_array[i] = ReadValue();
 125   3                              if(status == ERROR)//调用ReadValue()读数据出错会设定status 为ERROR
 126   3                              {
 127   4                                      dht11 = 1;
 128   4                                      EA = 1;
 129   4                                      return ERROR;
 130   4                              }
 131   3                              //读出的最后一个值是校验值不需加上去
 132   3                              if(i != SIZE - 1)
 133   3                              {
 134   4                                      //读出的五字节数据中的前四字节数据和等于第五字节数据表示成功
 135   4                                      check_value += value_array[i];
 136   4                              }
 137   3                      }       //end for
 138   2                      //在没用发生函数调用失败时进行校验
 139   2                      if(check_value == value_array[SIZE - 1])
 140   2                      {
 141   3                              //将温湿度扩大10 倍方便分离出每一位
 142   3                              humi_value = value_array[0] * 10;
 143   3                              temp_value = value_array[2] * 10;
 144   3                              dht11 = 1;
 145   3                              EA = 1;
 146   3                              return OK; //正确的读出dht11 输出的数据
 147   3                      }
 148   2                      else
 149   2                      {
 150   3                      //校验数据出错
 151   3                              EA = 1;
 152   3                              return ERROR;
 153   3                      }
 154   2              }
 155   1      }
 156          /********************************************************************************************/
 157          /********************************************************************************************/
 158          /********************************************************************************************/


MODULE INFORMATION:   STATIC OVERLAYABLE
   CODE SIZE        =    273    ----
   CONSTANT SIZE    =   ----    ----
   XDATA SIZE       =   ----    ----
   PDATA SIZE       =   ----    ----
   DATA SIZE        =     10       1
   IDATA SIZE       =   ----    ----
   BIT SIZE         =   ----    ----
END OF MODULE INFORMATION.


C51 COMPILATION COMPLETE.  0 WARNING(S),  0 ERROR(S)
